451792
99611
203329
206078
85483
52554
392917
378417
386016
499526
698021
245136
687661
260601
155411
191820
185709
63134
375072
97001
450376
72115
30514
634402
244384
475592
342732
410562
295890
301294
243552
69914
420998
218307
493035
208607
483573
61052
166527
463099
160225
33115
357170
495267
300248
368146
194880
689245
13673
54600
316338
300262
238313
20907
410674
418912
349943
66748
135037
21465
113957
192594
432365
215899
159600
44263
18035
641429
97138
485332
622183
40230
462980
701371
418081
337815
70209
276473
611676
379007
39450
209462
82508
462994
492053
389215
585172
90318
64534
289083
8622
5312
105283
96640
38209
123984
311500
164389
347549
86846
404329
289112
568164
625067
56244
399452
45009
42238
118321
206585
446889
114706
276644
64776
265662
390584
141437
128294
447022
349623
467870
63850
54618
446939
57145
356558
19868
238776
433144
125069
393519
550486
178612
397228
270562
243915
466987
182941
44201
388784
60332
290955
157323
41374
44497
11938
327907
301200
413380
505744
109331
415948
480001
670284
560537
172789
554726
55977
29821
91506
120940
364531
331954
331655
12451
333855
598721
403657
438451
270246
267713
299509
50835
11473
137916
358431
634170
241247
21088
335530
7422
77230
498343
10827
299644
390410
240098
452089
16012
88097
534560
6730
549983
39942
554903
282089
263906
410130
13354
140516
465382
401676
512773
164393
553079
175640
340776
29076
391400
386789
262616
307419
99849
653785
199813
259582
185401
672304
587365
238487
368387
251433
33669
45116
279186
279993
402910
131825
273546
227140
369740
426003
208437
354688
205162
242474
393689
316892
36697
352005
15352
222487
109350
426487
672541
44158
681073
65311
485512
388213
377211
39570
545470
363349
370582
86408
245694
534611
467458
503360
93128
708480
272702
240783
32666
295818
28002
241973
0
527798
312198
543693
611513
285975
104333
603676
307046
280906
435090
218890
159777
89527
57039
192429
121881
49769
8305
475108
557993
155436
66355
186470
190221
531118
111449
358917
531584
501435
92440
409926
698591
96478
113372
17321
292482
202396
117480
23539
498567
179881
244030
130211
370842
746214
507129
55541
467787
16539
408474
717502
742227
144602
376853
100361
267667
0
365939
471767
543489
581930
43834
82354
322239
605032
693994
266461
330606
530566
675078
150101
361693
89669
114633
315820
5552
176880
377949
214951
30619
528625
229721
0
582731
98376
294376
210309
7342
226379
352835
18401
570538
336307
184260
146563
339261
442065
123208
299044
549136
359926
38543
548417
68475
370878
354757
183644
272863
243483
48066
669139
398913
70489
237481
96858
365795
158099
401854
57086
72238
293884
54283
188635
124733
98617
240541
239832
499046
191065
563697
257538
701854
106700
164710
276370
474790
56682
111615
76022
24665
51558
3195
201774
231026
534593
308056
512801
10253
384933
346639
341258
241592
699381
713581
86795
458114
198214
36514
250549
79927
346497
302042
399077
110155
223125
241186
274100
131292
43165
545891
154857
30310
620081
393774
296096
371763
125018
206811
115773
329929
333344
82366
131758
323327
250789
17732
204651
336997
145698
27045
60803
415111
303390
288304
262351
218426
581695
269942
143107
177681
116223
118043
220886
5275
53486
384976
468097
187811
129804
354693
286798
170095
405057
205493
380002
50146
434092
231755
163475
467379
466597
185311
535031
85705
282447
687843
181727
585730
393906
513422
101931